find_executable: checking for pg_config... -------------------- yes

--------------------

"gcc -fdeclspec -o conftest -I/Users/alfonsoghislieri/.rvm/rubies/ruby-3.0.2/include/ruby-3.0.0/x86_64-darwin21 -I/Users/alfonsoghislieri/.rvm/rubies/ruby-3.0.2/include/ruby-3.0.0/ruby/backward -I/Users/alfonsoghislieri/.rvm/rubies/ruby-3.0.2/include/ruby-3.0.0 -I. -I/usr/local/include -D_XOPEN_SOURCE -D_DARWIN_C_SOURCE -D_DARWIN_UNLIMITED_SELECT -D_REENTRANT   -O3 -I/usr/local/opt/libyaml/include -I/usr/local/opt/libksba/include -I/usr/local/opt/readline/include -I/usr/local/opt/zlib/include -I/usr/local/opt/openssl@1.1/include -fno-common -pipe conftest.c  -L. -L/Users/alfonsoghislieri/.rvm/rubies/ruby-3.0.2/lib -L/usr/local/lib -L. -L/usr/local/opt/libyaml/lib -L/usr/local/opt/libksba/lib -L/usr/local/opt/readline/lib -L/usr/local/opt/zlib/lib -L/usr/local/opt/openssl@1.1/lib -fstack-protector-strong -L/usr/local/lib     -lruby.3.0   "
checked program was:
/* begin */
1: #include "ruby.h"
2: 
3: int main(int argc, char **argv)
4: {
5:   return !!argv[argc];
6: }
/* end */

"gcc -fdeclspec -o conftest -I/Users/alfonsoghislieri/.rvm/rubies/ruby-3.0.2/include/ruby-3.0.0/x86_64-darwin21 -I/Users/alfonsoghislieri/.rvm/rubies/ruby-3.0.2/include/ruby-3.0.0/ruby/backward -I/Users/alfonsoghislieri/.rvm/rubies/ruby-3.0.2/include/ruby-3.0.0 -I. -I/usr/local/include -D_XOPEN_SOURCE -D_DARWIN_C_SOURCE -D_DARWIN_UNLIMITED_SELECT -D_REENTRANT   -O3 -I/usr/local/opt/libyaml/include -I/usr/local/opt/libksba/include -I/usr/local/opt/readline/include -I/usr/local/opt/zlib/include -I/usr/local/opt/openssl@1.1/include -fno-common -pipe conftest.c  -L. -L/Users/alfonsoghislieri/.rvm/rubies/ruby-3.0.2/lib -L/usr/local/lib -L. -L/usr/local/opt/libyaml/lib -L/usr/local/opt/libksba/lib -L/usr/local/opt/readline/lib -L/usr/local/opt/zlib/lib -L/usr/local/opt/openssl@1.1/lib -fstack-protector-strong -L/usr/local/lib     -lruby.3.0  -Wl,-rpath,/usr/local/lib  "
checked program was:
/* begin */
1: #include "ruby.h"
2: 
3: int main() {return 0;}
/* end */

find_header: checking for libpq-fe.h... -------------------- yes

"gcc -E -I/Users/alfonsoghislieri/.rvm/rubies/ruby-3.0.2/include/ruby-3.0.0/x86_64-darwin21 -I/Users/alfonsoghislieri/.rvm/rubies/ruby-3.0.2/include/ruby-3.0.0/ruby/backward -I/Users/alfonsoghislieri/.rvm/rubies/ruby-3.0.2/include/ruby-3.0.0 -I. -I/usr/local/include -D_XOPEN_SOURCE -D_DARWIN_C_SOURCE -D_DARWIN_UNLIMITED_SELECT -D_REENTRANT   -O3 -I/usr/local/opt/libyaml/include -I/usr/local/opt/libksba/include -I/usr/local/opt/readline/include -I/usr/local/opt/zlib/include -I/usr/local/opt/openssl@1.1/include -fno-common -pipe  conftest.c -o conftest.i"
checked program was:
/* begin */
1: #include "ruby.h"
2: 
3: #include <libpq-fe.h>
/* end */

--------------------

find_header: checking for libpq/libpq-fs.h... -------------------- yes

"gcc -E -I/Users/alfonsoghislieri/.rvm/rubies/ruby-3.0.2/include/ruby-3.0.0/x86_64-darwin21 -I/Users/alfonsoghislieri/.rvm/rubies/ruby-3.0.2/include/ruby-3.0.0/ruby/backward -I/Users/alfonsoghislieri/.rvm/rubies/ruby-3.0.2/include/ruby-3.0.0 -I. -I/usr/local/include -D_XOPEN_SOURCE -D_DARWIN_C_SOURCE -D_DARWIN_UNLIMITED_SELECT -D_REENTRANT   -O3 -I/usr/local/opt/libyaml/include -I/usr/local/opt/libksba/include -I/usr/local/opt/readline/include -I/usr/local/opt/zlib/include -I/usr/local/opt/openssl@1.1/include -fno-common -pipe  conftest.c -o conftest.i"
checked program was:
/* begin */
1: #include "ruby.h"
2: 
3: #include <libpq/libpq-fs.h>
/* end */

--------------------

find_header: checking for pg_config_manual.h... -------------------- yes

"gcc -E -I/Users/alfonsoghislieri/.rvm/rubies/ruby-3.0.2/include/ruby-3.0.0/x86_64-darwin21 -I/Users/alfonsoghislieri/.rvm/rubies/ruby-3.0.2/include/ruby-3.0.0/ruby/backward -I/Users/alfonsoghislieri/.rvm/rubies/ruby-3.0.2/include/ruby-3.0.0 -I. -I/usr/local/include -D_XOPEN_SOURCE -D_DARWIN_C_SOURCE -D_DARWIN_UNLIMITED_SELECT -D_REENTRANT   -O3 -I/usr/local/opt/libyaml/include -I/usr/local/opt/libksba/include -I/usr/local/opt/readline/include -I/usr/local/opt/zlib/include -I/usr/local/opt/openssl@1.1/include -fno-common -pipe  conftest.c -o conftest.i"
checked program was:
/* begin */
1: #include "ruby.h"
2: 
3: #include <pg_config_manual.h>
/* end */

--------------------

have_library: checking for PQconnectdb() in -lpq... -------------------- yes

"gcc -fdeclspec -o conftest -I/Users/alfonsoghislieri/.rvm/rubies/ruby-3.0.2/include/ruby-3.0.0/x86_64-darwin21 -I/Users/alfonsoghislieri/.rvm/rubies/ruby-3.0.2/include/ruby-3.0.0/ruby/backward -I/Users/alfonsoghislieri/.rvm/rubies/ruby-3.0.2/include/ruby-3.0.0 -I. -I/usr/local/include -D_XOPEN_SOURCE -D_DARWIN_C_SOURCE -D_DARWIN_UNLIMITED_SELECT -D_REENTRANT   -O3 -I/usr/local/opt/libyaml/include -I/usr/local/opt/libksba/include -I/usr/local/opt/readline/include -I/usr/local/opt/zlib/include -I/usr/local/opt/openssl@1.1/include -fno-common -pipe conftest.c  -L. -L/Users/alfonsoghislieri/.rvm/rubies/ruby-3.0.2/lib -L/usr/local/lib -L. -L/usr/local/opt/libyaml/lib -L/usr/local/opt/libksba/lib -L/usr/local/opt/readline/lib -L/usr/local/opt/zlib/lib -L/usr/local/opt/openssl@1.1/lib -fstack-protector-strong -L/usr/local/lib -Wl,-rpath,/usr/local/lib     -lruby.3.0 -lpq   "
checked program was:
/* begin */
 1: #include "ruby.h"
 2: 
 3: #include <libpq-fe.h>
 4: 
 5: /*top*/
 6: extern int t(void);
 7: int main(int argc, char **argv)
 8: {
 9:   if (argc > 1000000) {
10:     int (* volatile tp)(void)=(int (*)(void))&t;
11:     printf("%d", (*tp)());
12:   }
13: 
14:   return !!argv[argc];
15: }
16: int t(void) { void ((*volatile p)()); p = (void ((*)()))PQconnectdb; return !p; }
/* end */

--------------------

have_func: checking for PQsetSingleRowMode()... -------------------- yes

"gcc -fdeclspec -o conftest -I/Users/alfonsoghislieri/.rvm/rubies/ruby-3.0.2/include/ruby-3.0.0/x86_64-darwin21 -I/Users/alfonsoghislieri/.rvm/rubies/ruby-3.0.2/include/ruby-3.0.0/ruby/backward -I/Users/alfonsoghislieri/.rvm/rubies/ruby-3.0.2/include/ruby-3.0.0 -I. -I/usr/local/include -D_XOPEN_SOURCE -D_DARWIN_C_SOURCE -D_DARWIN_UNLIMITED_SELECT -D_REENTRANT   -O3 -I/usr/local/opt/libyaml/include -I/usr/local/opt/libksba/include -I/usr/local/opt/readline/include -I/usr/local/opt/zlib/include -I/usr/local/opt/openssl@1.1/include -fno-common -pipe conftest.c  -L. -L/Users/alfonsoghislieri/.rvm/rubies/ruby-3.0.2/lib -L/usr/local/lib -L. -L/usr/local/opt/libyaml/lib -L/usr/local/opt/libksba/lib -L/usr/local/opt/readline/lib -L/usr/local/opt/zlib/lib -L/usr/local/opt/openssl@1.1/lib -fstack-protector-strong -L/usr/local/lib -Wl,-rpath,/usr/local/lib    -lpq  -lruby.3.0 -lpq   "
conftest.c:14:57: error: use of undeclared identifier 'PQsetSingleRowMode'
int t(void) { void ((*volatile p)()); p = (void ((*)()))PQsetSingleRowMode; return !p; }
                                                        ^
1 error generated.
checked program was:
/* begin */
 1: #include "ruby.h"
 2: 
 3: /*top*/
 4: extern int t(void);
 5: int main(int argc, char **argv)
 6: {
 7:   if (argc > 1000000) {
 8:     int (* volatile tp)(void)=(int (*)(void))&t;
 9:     printf("%d", (*tp)());
10:   }
11: 
12:   return !!argv[argc];
13: }
14: int t(void) { void ((*volatile p)()); p = (void ((*)()))PQsetSingleRowMode; return !p; }
/* end */

"gcc -fdeclspec -o conftest -I/Users/alfonsoghislieri/.rvm/rubies/ruby-3.0.2/include/ruby-3.0.0/x86_64-darwin21 -I/Users/alfonsoghislieri/.rvm/rubies/ruby-3.0.2/include/ruby-3.0.0/ruby/backward -I/Users/alfonsoghislieri/.rvm/rubies/ruby-3.0.2/include/ruby-3.0.0 -I. -I/usr/local/include -D_XOPEN_SOURCE -D_DARWIN_C_SOURCE -D_DARWIN_UNLIMITED_SELECT -D_REENTRANT   -O3 -I/usr/local/opt/libyaml/include -I/usr/local/opt/libksba/include -I/usr/local/opt/readline/include -I/usr/local/opt/zlib/include -I/usr/local/opt/openssl@1.1/include -fno-common -pipe conftest.c  -L. -L/Users/alfonsoghislieri/.rvm/rubies/ruby-3.0.2/lib -L/usr/local/lib -L. -L/usr/local/opt/libyaml/lib -L/usr/local/opt/libksba/lib -L/usr/local/opt/readline/lib -L/usr/local/opt/zlib/lib -L/usr/local/opt/openssl@1.1/lib -fstack-protector-strong -L/usr/local/lib -Wl,-rpath,/usr/local/lib    -lpq  -lruby.3.0 -lpq   "
checked program was:
/* begin */
 1: #include "ruby.h"
 2: 
 3: /*top*/
 4: extern int t(void);
 5: int main(int argc, char **argv)
 6: {
 7:   if (argc > 1000000) {
 8:     int (* volatile tp)(void)=(int (*)(void))&t;
 9:     printf("%d", (*tp)());
10:   }
11: 
12:   return !!argv[argc];
13: }
14: extern void PQsetSingleRowMode();
15: int t(void) { PQsetSingleRowMode(); return 0; }
/* end */

--------------------

have_func: checking for PQconninfo()... -------------------- yes

"gcc -fdeclspec -o conftest -I/Users/alfonsoghislieri/.rvm/rubies/ruby-3.0.2/include/ruby-3.0.0/x86_64-darwin21 -I/Users/alfonsoghislieri/.rvm/rubies/ruby-3.0.2/include/ruby-3.0.0/ruby/backward -I/Users/alfonsoghislieri/.rvm/rubies/ruby-3.0.2/include/ruby-3.0.0 -I. -I/usr/local/include -D_XOPEN_SOURCE -D_DARWIN_C_SOURCE -D_DARWIN_UNLIMITED_SELECT -D_REENTRANT   -O3 -I/usr/local/opt/libyaml/include -I/usr/local/opt/libksba/include -I/usr/local/opt/readline/include -I/usr/local/opt/zlib/include -I/usr/local/opt/openssl@1.1/include -fno-common -pipe conftest.c  -L. -L/Users/alfonsoghislieri/.rvm/rubies/ruby-3.0.2/lib -L/usr/local/lib -L. -L/usr/local/opt/libyaml/lib -L/usr/local/opt/libksba/lib -L/usr/local/opt/readline/lib -L/usr/local/opt/zlib/lib -L/usr/local/opt/openssl@1.1/lib -fstack-protector-strong -L/usr/local/lib -Wl,-rpath,/usr/local/lib    -lpq  -lruby.3.0 -lpq   "
conftest.c:14:57: error: use of undeclared identifier 'PQconninfo'
int t(void) { void ((*volatile p)()); p = (void ((*)()))PQconninfo; return !p; }
                                                        ^
1 error generated.
checked program was:
/* begin */
 1: #include "ruby.h"
 2: 
 3: /*top*/
 4: extern int t(void);
 5: int main(int argc, char **argv)
 6: {
 7:   if (argc > 1000000) {
 8:     int (* volatile tp)(void)=(int (*)(void))&t;
 9:     printf("%d", (*tp)());
10:   }
11: 
12:   return !!argv[argc];
13: }
14: int t(void) { void ((*volatile p)()); p = (void ((*)()))PQconninfo; return !p; }
/* end */

"gcc -fdeclspec -o conftest -I/Users/alfonsoghislieri/.rvm/rubies/ruby-3.0.2/include/ruby-3.0.0/x86_64-darwin21 -I/Users/alfonsoghislieri/.rvm/rubies/ruby-3.0.2/include/ruby-3.0.0/ruby/backward -I/Users/alfonsoghislieri/.rvm/rubies/ruby-3.0.2/include/ruby-3.0.0 -I. -I/usr/local/include -D_XOPEN_SOURCE -D_DARWIN_C_SOURCE -D_DARWIN_UNLIMITED_SELECT -D_REENTRANT   -O3 -I/usr/local/opt/libyaml/include -I/usr/local/opt/libksba/include -I/usr/local/opt/readline/include -I/usr/local/opt/zlib/include -I/usr/local/opt/openssl@1.1/include -fno-common -pipe conftest.c  -L. -L/Users/alfonsoghislieri/.rvm/rubies/ruby-3.0.2/lib -L/usr/local/lib -L. -L/usr/local/opt/libyaml/lib -L/usr/local/opt/libksba/lib -L/usr/local/opt/readline/lib -L/usr/local/opt/zlib/lib -L/usr/local/opt/openssl@1.1/lib -fstack-protector-strong -L/usr/local/lib -Wl,-rpath,/usr/local/lib    -lpq  -lruby.3.0 -lpq   "
checked program was:
/* begin */
 1: #include "ruby.h"
 2: 
 3: /*top*/
 4: extern int t(void);
 5: int main(int argc, char **argv)
 6: {
 7:   if (argc > 1000000) {
 8:     int (* volatile tp)(void)=(int (*)(void))&t;
 9:     printf("%d", (*tp)());
10:   }
11: 
12:   return !!argv[argc];
13: }
14: extern void PQconninfo();
15: int t(void) { PQconninfo(); return 0; }
/* end */

--------------------

have_func: checking for PQsslAttribute()... -------------------- yes

"gcc -fdeclspec -o conftest -I/Users/alfonsoghislieri/.rvm/rubies/ruby-3.0.2/include/ruby-3.0.0/x86_64-darwin21 -I/Users/alfonsoghislieri/.rvm/rubies/ruby-3.0.2/include/ruby-3.0.0/ruby/backward -I/Users/alfonsoghislieri/.rvm/rubies/ruby-3.0.2/include/ruby-3.0.0 -I. -I/usr/local/include -D_XOPEN_SOURCE -D_DARWIN_C_SOURCE -D_DARWIN_UNLIMITED_SELECT -D_REENTRANT   -O3 -I/usr/local/opt/libyaml/include -I/usr/local/opt/libksba/include -I/usr/local/opt/readline/include -I/usr/local/opt/zlib/include -I/usr/local/opt/openssl@1.1/include -fno-common -pipe conftest.c  -L. -L/Users/alfonsoghislieri/.rvm/rubies/ruby-3.0.2/lib -L/usr/local/lib -L. -L/usr/local/opt/libyaml/lib -L/usr/local/opt/libksba/lib -L/usr/local/opt/readline/lib -L/usr/local/opt/zlib/lib -L/usr/local/opt/openssl@1.1/lib -fstack-protector-strong -L/usr/local/lib -Wl,-rpath,/usr/local/lib    -lpq  -lruby.3.0 -lpq   "
conftest.c:14:57: error: use of undeclared identifier 'PQsslAttribute'
int t(void) { void ((*volatile p)()); p = (void ((*)()))PQsslAttribute; return !p; }
                                                        ^
1 error generated.
checked program was:
/* begin */
 1: #include "ruby.h"
 2: 
 3: /*top*/
 4: extern int t(void);
 5: int main(int argc, char **argv)
 6: {
 7:   if (argc > 1000000) {
 8:     int (* volatile tp)(void)=(int (*)(void))&t;
 9:     printf("%d", (*tp)());
10:   }
11: 
12:   return !!argv[argc];
13: }
14: int t(void) { void ((*volatile p)()); p = (void ((*)()))PQsslAttribute; return !p; }
/* end */

"gcc -fdeclspec -o conftest -I/Users/alfonsoghislieri/.rvm/rubies/ruby-3.0.2/include/ruby-3.0.0/x86_64-darwin21 -I/Users/alfonsoghislieri/.rvm/rubies/ruby-3.0.2/include/ruby-3.0.0/ruby/backward -I/Users/alfonsoghislieri/.rvm/rubies/ruby-3.0.2/include/ruby-3.0.0 -I. -I/usr/local/include -D_XOPEN_SOURCE -D_DARWIN_C_SOURCE -D_DARWIN_UNLIMITED_SELECT -D_REENTRANT   -O3 -I/usr/local/opt/libyaml/include -I/usr/local/opt/libksba/include -I/usr/local/opt/readline/include -I/usr/local/opt/zlib/include -I/usr/local/opt/openssl@1.1/include -fno-common -pipe conftest.c  -L. -L/Users/alfonsoghislieri/.rvm/rubies/ruby-3.0.2/lib -L/usr/local/lib -L. -L/usr/local/opt/libyaml/lib -L/usr/local/opt/libksba/lib -L/usr/local/opt/readline/lib -L/usr/local/opt/zlib/lib -L/usr/local/opt/openssl@1.1/lib -fstack-protector-strong -L/usr/local/lib -Wl,-rpath,/usr/local/lib    -lpq  -lruby.3.0 -lpq   "
checked program was:
/* begin */
 1: #include "ruby.h"
 2: 
 3: /*top*/
 4: extern int t(void);
 5: int main(int argc, char **argv)
 6: {
 7:   if (argc > 1000000) {
 8:     int (* volatile tp)(void)=(int (*)(void))&t;
 9:     printf("%d", (*tp)());
10:   }
11: 
12:   return !!argv[argc];
13: }
14: extern void PQsslAttribute();
15: int t(void) { PQsslAttribute(); return 0; }
/* end */

--------------------

have_func: checking for PQresultVerboseErrorMessage()... -------------------- yes

"gcc -fdeclspec -o conftest -I/Users/alfonsoghislieri/.rvm/rubies/ruby-3.0.2/include/ruby-3.0.0/x86_64-darwin21 -I/Users/alfonsoghislieri/.rvm/rubies/ruby-3.0.2/include/ruby-3.0.0/ruby/backward -I/Users/alfonsoghislieri/.rvm/rubies/ruby-3.0.2/include/ruby-3.0.0 -I. -I/usr/local/include -D_XOPEN_SOURCE -D_DARWIN_C_SOURCE -D_DARWIN_UNLIMITED_SELECT -D_REENTRANT   -O3 -I/usr/local/opt/libyaml/include -I/usr/local/opt/libksba/include -I/usr/local/opt/readline/include -I/usr/local/opt/zlib/include -I/usr/local/opt/openssl@1.1/include -fno-common -pipe conftest.c  -L. -L/Users/alfonsoghislieri/.rvm/rubies/ruby-3.0.2/lib -L/usr/local/lib -L. -L/usr/local/opt/libyaml/lib -L/usr/local/opt/libksba/lib -L/usr/local/opt/readline/lib -L/usr/local/opt/zlib/lib -L/usr/local/opt/openssl@1.1/lib -fstack-protector-strong -L/usr/local/lib -Wl,-rpath,/usr/local/lib    -lpq  -lruby.3.0 -lpq   "
conftest.c:14:57: error: use of undeclared identifier 'PQresultVerboseErrorMessage'
int t(void) { void ((*volatile p)()); p = (void ((*)()))PQresultVerboseErrorMessage; return !p; }
                                                        ^
1 error generated.
checked program was:
/* begin */
 1: #include "ruby.h"
 2: 
 3: /*top*/
 4: extern int t(void);
 5: int main(int argc, char **argv)
 6: {
 7:   if (argc > 1000000) {
 8:     int (* volatile tp)(void)=(int (*)(void))&t;
 9:     printf("%d", (*tp)());
10:   }
11: 
12:   return !!argv[argc];
13: }
14: int t(void) { void ((*volatile p)()); p = (void ((*)()))PQresultVerboseErrorMessage; return !p; }
/* end */

"gcc -fdeclspec -o conftest -I/Users/alfonsoghislieri/.rvm/rubies/ruby-3.0.2/include/ruby-3.0.0/x86_64-darwin21 -I/Users/alfonsoghislieri/.rvm/rubies/ruby-3.0.2/include/ruby-3.0.0/ruby/backward -I/Users/alfonsoghislieri/.rvm/rubies/ruby-3.0.2/include/ruby-3.0.0 -I. -I/usr/local/include -D_XOPEN_SOURCE -D_DARWIN_C_SOURCE -D_DARWIN_UNLIMITED_SELECT -D_REENTRANT   -O3 -I/usr/local/opt/libyaml/include -I/usr/local/opt/libksba/include -I/usr/local/opt/readline/include -I/usr/local/opt/zlib/include -I/usr/local/opt/openssl@1.1/include -fno-common -pipe conftest.c  -L. -L/Users/alfonsoghislieri/.rvm/rubies/ruby-3.0.2/lib -L/usr/local/lib -L. -L/usr/local/opt/libyaml/lib -L/usr/local/opt/libksba/lib -L/usr/local/opt/readline/lib -L/usr/local/opt/zlib/lib -L/usr/local/opt/openssl@1.1/lib -fstack-protector-strong -L/usr/local/lib -Wl,-rpath,/usr/local/lib    -lpq  -lruby.3.0 -lpq   "
checked program was:
/* begin */
 1: #include "ruby.h"
 2: 
 3: /*top*/
 4: extern int t(void);
 5: int main(int argc, char **argv)
 6: {
 7:   if (argc > 1000000) {
 8:     int (* volatile tp)(void)=(int (*)(void))&t;
 9:     printf("%d", (*tp)());
10:   }
11: 
12:   return !!argv[argc];
13: }
14: extern void PQresultVerboseErrorMessage();
15: int t(void) { PQresultVerboseErrorMessage(); return 0; }
/* end */

--------------------

have_func: checking for PQencryptPasswordConn()... -------------------- yes

"gcc -fdeclspec -o conftest -I/Users/alfonsoghislieri/.rvm/rubies/ruby-3.0.2/include/ruby-3.0.0/x86_64-darwin21 -I/Users/alfonsoghislieri/.rvm/rubies/ruby-3.0.2/include/ruby-3.0.0/ruby/backward -I/Users/alfonsoghislieri/.rvm/rubies/ruby-3.0.2/include/ruby-3.0.0 -I. -I/usr/local/include -D_XOPEN_SOURCE -D_DARWIN_C_SOURCE -D_DARWIN_UNLIMITED_SELECT -D_REENTRANT   -O3 -I/usr/local/opt/libyaml/include -I/usr/local/opt/libksba/include -I/usr/local/opt/readline/include -I/usr/local/opt/zlib/include -I/usr/local/opt/openssl@1.1/include -fno-common -pipe conftest.c  -L. -L/Users/alfonsoghislieri/.rvm/rubies/ruby-3.0.2/lib -L/usr/local/lib -L. -L/usr/local/opt/libyaml/lib -L/usr/local/opt/libksba/lib -L/usr/local/opt/readline/lib -L/usr/local/opt/zlib/lib -L/usr/local/opt/openssl@1.1/lib -fstack-protector-strong -L/usr/local/lib -Wl,-rpath,/usr/local/lib    -lpq  -lruby.3.0 -lpq   "
conftest.c:14:57: error: use of undeclared identifier 'PQencryptPasswordConn'
int t(void) { void ((*volatile p)()); p = (void ((*)()))PQencryptPasswordConn; return !p; }
                                                        ^
1 error generated.
checked program was:
/* begin */
 1: #include "ruby.h"
 2: 
 3: /*top*/
 4: extern int t(void);
 5: int main(int argc, char **argv)
 6: {
 7:   if (argc > 1000000) {
 8:     int (* volatile tp)(void)=(int (*)(void))&t;
 9:     printf("%d", (*tp)());
10:   }
11: 
12:   return !!argv[argc];
13: }
14: int t(void) { void ((*volatile p)()); p = (void ((*)()))PQencryptPasswordConn; return !p; }
/* end */

"gcc -fdeclspec -o conftest -I/Users/alfonsoghislieri/.rvm/rubies/ruby-3.0.2/include/ruby-3.0.0/x86_64-darwin21 -I/Users/alfonsoghislieri/.rvm/rubies/ruby-3.0.2/include/ruby-3.0.0/ruby/backward -I/Users/alfonsoghislieri/.rvm/rubies/ruby-3.0.2/include/ruby-3.0.0 -I. -I/usr/local/include -D_XOPEN_SOURCE -D_DARWIN_C_SOURCE -D_DARWIN_UNLIMITED_SELECT -D_REENTRANT   -O3 -I/usr/local/opt/libyaml/include -I/usr/local/opt/libksba/include -I/usr/local/opt/readline/include -I/usr/local/opt/zlib/include -I/usr/local/opt/openssl@1.1/include -fno-common -pipe conftest.c  -L. -L/Users/alfonsoghislieri/.rvm/rubies/ruby-3.0.2/lib -L/usr/local/lib -L. -L/usr/local/opt/libyaml/lib -L/usr/local/opt/libksba/lib -L/usr/local/opt/readline/lib -L/usr/local/opt/zlib/lib -L/usr/local/opt/openssl@1.1/lib -fstack-protector-strong -L/usr/local/lib -Wl,-rpath,/usr/local/lib    -lpq  -lruby.3.0 -lpq   "
checked program was:
/* begin */
 1: #include "ruby.h"
 2: 
 3: /*top*/
 4: extern int t(void);
 5: int main(int argc, char **argv)
 6: {
 7:   if (argc > 1000000) {
 8:     int (* volatile tp)(void)=(int (*)(void))&t;
 9:     printf("%d", (*tp)());
10:   }
11: 
12:   return !!argv[argc];
13: }
14: extern void PQencryptPasswordConn();
15: int t(void) { PQencryptPasswordConn(); return 0; }
/* end */

--------------------

have_func: checking for PQresultMemorySize()... -------------------- yes

"gcc -fdeclspec -o conftest -I/Users/alfonsoghislieri/.rvm/rubies/ruby-3.0.2/include/ruby-3.0.0/x86_64-darwin21 -I/Users/alfonsoghislieri/.rvm/rubies/ruby-3.0.2/include/ruby-3.0.0/ruby/backward -I/Users/alfonsoghislieri/.rvm/rubies/ruby-3.0.2/include/ruby-3.0.0 -I. -I/usr/local/include -D_XOPEN_SOURCE -D_DARWIN_C_SOURCE -D_DARWIN_UNLIMITED_SELECT -D_REENTRANT   -O3 -I/usr/local/opt/libyaml/include -I/usr/local/opt/libksba/include -I/usr/local/opt/readline/include -I/usr/local/opt/zlib/include -I/usr/local/opt/openssl@1.1/include -fno-common -pipe conftest.c  -L. -L/Users/alfonsoghislieri/.rvm/rubies/ruby-3.0.2/lib -L/usr/local/lib -L. -L/usr/local/opt/libyaml/lib -L/usr/local/opt/libksba/lib -L/usr/local/opt/readline/lib -L/usr/local/opt/zlib/lib -L/usr/local/opt/openssl@1.1/lib -fstack-protector-strong -L/usr/local/lib -Wl,-rpath,/usr/local/lib    -lpq  -lruby.3.0 -lpq   "
conftest.c:14:57: error: use of undeclared identifier 'PQresultMemorySize'
int t(void) { void ((*volatile p)()); p = (void ((*)()))PQresultMemorySize; return !p; }
                                                        ^
1 error generated.
checked program was:
/* begin */
 1: #include "ruby.h"
 2: 
 3: /*top*/
 4: extern int t(void);
 5: int main(int argc, char **argv)
 6: {
 7:   if (argc > 1000000) {
 8:     int (* volatile tp)(void)=(int (*)(void))&t;
 9:     printf("%d", (*tp)());
10:   }
11: 
12:   return !!argv[argc];
13: }
14: int t(void) { void ((*volatile p)()); p = (void ((*)()))PQresultMemorySize; return !p; }
/* end */

"gcc -fdeclspec -o conftest -I/Users/alfonsoghislieri/.rvm/rubies/ruby-3.0.2/include/ruby-3.0.0/x86_64-darwin21 -I/Users/alfonsoghislieri/.rvm/rubies/ruby-3.0.2/include/ruby-3.0.0/ruby/backward -I/Users/alfonsoghislieri/.rvm/rubies/ruby-3.0.2/include/ruby-3.0.0 -I. -I/usr/local/include -D_XOPEN_SOURCE -D_DARWIN_C_SOURCE -D_DARWIN_UNLIMITED_SELECT -D_REENTRANT   -O3 -I/usr/local/opt/libyaml/include -I/usr/local/opt/libksba/include -I/usr/local/opt/readline/include -I/usr/local/opt/zlib/include -I/usr/local/opt/openssl@1.1/include -fno-common -pipe conftest.c  -L. -L/Users/alfonsoghislieri/.rvm/rubies/ruby-3.0.2/lib -L/usr/local/lib -L. -L/usr/local/opt/libyaml/lib -L/usr/local/opt/libksba/lib -L/usr/local/opt/readline/lib -L/usr/local/opt/zlib/lib -L/usr/local/opt/openssl@1.1/lib -fstack-protector-strong -L/usr/local/lib -Wl,-rpath,/usr/local/lib    -lpq  -lruby.3.0 -lpq   "
checked program was:
/* begin */
 1: #include "ruby.h"
 2: 
 3: /*top*/
 4: extern int t(void);
 5: int main(int argc, char **argv)
 6: {
 7:   if (argc > 1000000) {
 8:     int (* volatile tp)(void)=(int (*)(void))&t;
 9:     printf("%d", (*tp)());
10:   }
11: 
12:   return !!argv[argc];
13: }
14: extern void PQresultMemorySize();
15: int t(void) { PQresultMemorySize(); return 0; }
/* end */

--------------------

have_func: checking for timegm()... -------------------- yes

"gcc -fdeclspec -o conftest -I/Users/alfonsoghislieri/.rvm/rubies/ruby-3.0.2/include/ruby-3.0.0/x86_64-darwin21 -I/Users/alfonsoghislieri/.rvm/rubies/ruby-3.0.2/include/ruby-3.0.0/ruby/backward -I/Users/alfonsoghislieri/.rvm/rubies/ruby-3.0.2/include/ruby-3.0.0 -I. -I/usr/local/include -D_XOPEN_SOURCE -D_DARWIN_C_SOURCE -D_DARWIN_UNLIMITED_SELECT -D_REENTRANT   -O3 -I/usr/local/opt/libyaml/include -I/usr/local/opt/libksba/include -I/usr/local/opt/readline/include -I/usr/local/opt/zlib/include -I/usr/local/opt/openssl@1.1/include -fno-common -pipe conftest.c  -L. -L/Users/alfonsoghislieri/.rvm/rubies/ruby-3.0.2/lib -L/usr/local/lib -L. -L/usr/local/opt/libyaml/lib -L/usr/local/opt/libksba/lib -L/usr/local/opt/readline/lib -L/usr/local/opt/zlib/lib -L/usr/local/opt/openssl@1.1/lib -fstack-protector-strong -L/usr/local/lib -Wl,-rpath,/usr/local/lib    -lpq  -lruby.3.0 -lpq   "
checked program was:
/* begin */
 1: #include "ruby.h"
 2: 
 3: /*top*/
 4: extern int t(void);
 5: int main(int argc, char **argv)
 6: {
 7:   if (argc > 1000000) {
 8:     int (* volatile tp)(void)=(int (*)(void))&t;
 9:     printf("%d", (*tp)());
10:   }
11: 
12:   return !!argv[argc];
13: }
14: int t(void) { void ((*volatile p)()); p = (void ((*)()))timegm; return !p; }
/* end */

--------------------

have_func: checking for rb_gc_adjust_memory_usage()... -------------------- yes

"gcc -fdeclspec -o conftest -I/Users/alfonsoghislieri/.rvm/rubies/ruby-3.0.2/include/ruby-3.0.0/x86_64-darwin21 -I/Users/alfonsoghislieri/.rvm/rubies/ruby-3.0.2/include/ruby-3.0.0/ruby/backward -I/Users/alfonsoghislieri/.rvm/rubies/ruby-3.0.2/include/ruby-3.0.0 -I. -I/usr/local/include -D_XOPEN_SOURCE -D_DARWIN_C_SOURCE -D_DARWIN_UNLIMITED_SELECT -D_REENTRANT   -O3 -I/usr/local/opt/libyaml/include -I/usr/local/opt/libksba/include -I/usr/local/opt/readline/include -I/usr/local/opt/zlib/include -I/usr/local/opt/openssl@1.1/include -fno-common -pipe conftest.c  -L. -L/Users/alfonsoghislieri/.rvm/rubies/ruby-3.0.2/lib -L/usr/local/lib -L. -L/usr/local/opt/libyaml/lib -L/usr/local/opt/libksba/lib -L/usr/local/opt/readline/lib -L/usr/local/opt/zlib/lib -L/usr/local/opt/openssl@1.1/lib -fstack-protector-strong -L/usr/local/lib -Wl,-rpath,/usr/local/lib    -lpq  -lruby.3.0 -lpq   "
checked program was:
/* begin */
 1: #include "ruby.h"
 2: 
 3: /*top*/
 4: extern int t(void);
 5: int main(int argc, char **argv)
 6: {
 7:   if (argc > 1000000) {
 8:     int (* volatile tp)(void)=(int (*)(void))&t;
 9:     printf("%d", (*tp)());
10:   }
11: 
12:   return !!argv[argc];
13: }
14: int t(void) { void ((*volatile p)()); p = (void ((*)()))rb_gc_adjust_memory_usage; return !p; }
/* end */

--------------------

have_header: checking for unistd.h... -------------------- yes

"gcc -E -I/Users/alfonsoghislieri/.rvm/rubies/ruby-3.0.2/include/ruby-3.0.0/x86_64-darwin21 -I/Users/alfonsoghislieri/.rvm/rubies/ruby-3.0.2/include/ruby-3.0.0/ruby/backward -I/Users/alfonsoghislieri/.rvm/rubies/ruby-3.0.2/include/ruby-3.0.0 -I. -I/usr/local/include -D_XOPEN_SOURCE -D_DARWIN_C_SOURCE -D_DARWIN_UNLIMITED_SELECT -D_REENTRANT   -O3 -I/usr/local/opt/libyaml/include -I/usr/local/opt/libksba/include -I/usr/local/opt/readline/include -I/usr/local/opt/zlib/include -I/usr/local/opt/openssl@1.1/include -fno-common -pipe  conftest.c -o conftest.i"
checked program was:
/* begin */
1: #include "ruby.h"
2: 
3: #include <unistd.h>
/* end */

--------------------

have_header: checking for inttypes.h... -------------------- yes

"gcc -E -I/Users/alfonsoghislieri/.rvm/rubies/ruby-3.0.2/include/ruby-3.0.0/x86_64-darwin21 -I/Users/alfonsoghislieri/.rvm/rubies/ruby-3.0.2/include/ruby-3.0.0/ruby/backward -I/Users/alfonsoghislieri/.rvm/rubies/ruby-3.0.2/include/ruby-3.0.0 -I. -I/usr/local/include -D_XOPEN_SOURCE -D_DARWIN_C_SOURCE -D_DARWIN_UNLIMITED_SELECT -D_REENTRANT   -O3 -I/usr/local/opt/libyaml/include -I/usr/local/opt/libksba/include -I/usr/local/opt/readline/include -I/usr/local/opt/zlib/include -I/usr/local/opt/openssl@1.1/include -fno-common -pipe  conftest.c -o conftest.i"
checked program was:
/* begin */
1: #include "ruby.h"
2: 
3: #include <inttypes.h>
/* end */

--------------------

checking for C99 variable length arrays... -------------------- yes

"gcc -fdeclspec -I/Users/alfonsoghislieri/.rvm/rubies/ruby-3.0.2/include/ruby-3.0.0/x86_64-darwin21 -I/Users/alfonsoghislieri/.rvm/rubies/ruby-3.0.2/include/ruby-3.0.0/ruby/backward -I/Users/alfonsoghislieri/.rvm/rubies/ruby-3.0.2/include/ruby-3.0.0 -I. -I/usr/local/include -D_XOPEN_SOURCE -D_DARWIN_C_SOURCE -D_DARWIN_UNLIMITED_SELECT -D_REENTRANT   -O3 -I/usr/local/opt/libyaml/include -I/usr/local/opt/libksba/include -I/usr/local/opt/readline/include -I/usr/local/opt/zlib/include -I/usr/local/opt/openssl@1.1/include -fno-common -pipe   -c conftest.c"
checked program was:
/* begin */
1: #include "ruby.h"
2: 
3: void test_vla(int l){ int vla[l]; }
/* end */

--------------------

extconf.h is:
/* begin */
 1: #ifndef EXTCONF_H
 2: #define EXTCONF_H
 3: #define HAVE_PQSETSINGLEROWMODE 1
 4: #define HAVE_PQCONNINFO 1
 5: #define HAVE_PQSSLATTRIBUTE 1
 6: #define HAVE_PQRESULTVERBOSEERRORMESSAGE 1
 7: #define HAVE_PQENCRYPTPASSWORDCONN 1
 8: #define HAVE_PQRESULTMEMORYSIZE 1
 9: #define HAVE_TIMEGM 1
10: #define HAVE_RB_GC_ADJUST_MEMORY_USAGE 1
11: #define HAVE_UNISTD_H 1
12: #define HAVE_INTTYPES_H 1
13: #define HAVE_VARIABLE_LENGTH_ARRAYS 1
14: #endif
/* end */

