{
  "RSpec": {
    "coverage": {
      "/Users/danielwork/Documents/GitHub/makers/week4/chitter-challenge/dm-chitter/spec/feature_spec.rb": [
        1,
        1,
        null,
        1,
        null,
        1,
        2,
        null,
        null,
        1,
        1,
        1,
        null,
        null,
        1,
        1,
        1,
        null,
        null,
        null,
        null,
        1,
        null,
        1,
        2,
        null,
        null,
        1,
        1,
        1,
        null,
        null,
        1,
        1,
        1,
        null,
        null,
        null,
        null,
        1,
        null,
        1,
        4,
        null,
        null,
        1,
        1,
        null,
        null,
        1,
        1,
        1,
        1,
        null,
        null,
        1,
        1,
        1,
        null,
        null,
        1,
        1,
        1,
        null,
        null,
        null
      ],
      "/Users/danielwork/Documents/GitHub/makers/week4/chitter-challenge/dm-chitter/spec/helper_methods.rb": [
        null,
        1,
        0,
        null,
        null,
        1,
        12,
        null,
        null,
        1,
        1,
        1,
        1,
        1,
        1,
        null,
        null,
        1,
        1,
        1,
        1,
        1,
        1,
        null,
        null,
        1,
        4,
        4,
        4,
        4,
        4,
        4,
        null,
        null,
        1,
        1,
        1,
        null,
        null,
        1,
        1,
        null,
        1,
        1,
        null,
        null,
        1,
        1,
        null,
        null,
        1,
        1,
        1,
        null,
        null,
        1,
        1,
        1,
        1,
        1,
        null
      ],
      "/Users/danielwork/Documents/GitHub/makers/week4/chitter-challenge/dm-chitter/spec/units/chit_spec.rb": [
        1,
        null,
        1,
        null,
        3,
        null,
        1,
        1,
        1,
        null,
        null,
        1,
        1,
        1,
        null,
        null,
        null,
        null,
        null,
        null
      ],
      "/Users/danielwork/Documents/GitHub/makers/week4/chitter-challenge/dm-chitter/spec/units/chitter_spec.rb": [
        1,
        null,
        1,
        null,
        4,
        null,
        1,
        1,
        null,
        null,
        null,
        null,
        null,
        null,
        null,
        null,
        1,
        4,
        null,
        null,
        1,
        null,
        1,
        2,
        null,
        null,
        1,
        1,
        null,
        null,
        1,
        1,
        1,
        null,
        null,
        null,
        null,
        1,
        null,
        1,
        1,
        1,
        10,
        10,
        null,
        1,
        1,
        10,
        null,
        null,
        null,
        null,
        null,
        null,
        1,
        null,
        1,
        1,
        1,
        1,
        1,
        1,
        1,
        1,
        null,
        null,
        null,
        null,
        null
      ],
      "/Users/danielwork/Documents/GitHub/makers/week4/chitter-challenge/dm-chitter/spec/units/login_spec.rb": [
        1,
        null,
        1,
        null,
        3,
        null,
        1,
        1,
        1,
        null,
        null,
        1,
        1,
        1,
        null,
        null,
        null,
        null,
        null
      ],
      "/Users/danielwork/Documents/GitHub/makers/week4/chitter-challenge/dm-chitter/lib/Chitter.rb": [
        1,
        null,
        1,
        null,
        1,
        null,
        1,
        null,
        1,
        7,
        null,
        null,
        1,
        5,
        null,
        null,
        1,
        13,
        null,
        null,
        1,
        135,
        null,
        null,
        1,
        30,
        null,
        null,
        1,
        1,
        1,
        null,
        null,
        null,
        null,
        null,
        1,
        null,
        1,
        null,
        1,
        117,
        117,
        null,
        null,
        null,
        null,
        1,
        null,
        1,
        null,
        1,
        20,
        20,
        20,
        20,
        20,
        20,
        null,
        null,
        null,
        null,
        1,
        null,
        1,
        null,
        1,
        null,
        1,
        3,
        3,
        3,
        null,
        null,
        1,
        2,
        null,
        null,
        null,
        null
      ],
      "/Users/danielwork/Documents/GitHub/makers/week4/chitter-challenge/dm-chitter/spec/units/user_spec.rb": [
        1,
        null,
        1,
        null,
        2,
        null,
        1,
        1,
        1,
        1,
        1,
        null,
        null,
        null
      ]
    },
    "timestamp": 1523819408
  }
}
