{
  "RSpec": {
    "coverage": {
      "/Users/student/Documents/projects/week_4/chitter-challenge/app/app.rb": [
        1,
        1,
        1,
        1,
        null,
        1,
        null,
        1,
        null,
        1,
        null,
        1,
        0,
        null,
        null,
        1,
        1,
        null,
        null,
        1,
        2,
        2,
        null,
        null,
        1,
        2,
        null,
        null,
        1,
        2,
        2,
        null,
        null,
        1,
        0,
        null,
        null,
        1,
        null,
        null,
        null,
        1,
        null
      ],
      "/Users/student/Documents/projects/week_4/chitter-challenge/app/lib/message.rb": [
        null,
        1,
        null,
        null
      ],
      "/Users/student/Documents/projects/week_4/chitter-challenge/app/lib/user.rb": [
        null,
        1,
        1,
        null
      ],
      "/Users/student/Documents/projects/week_4/chitter-challenge/app/spec/helpers.rb": [
        1,
        2,
        2,
        2,
        null
      ],
      "/Users/student/Documents/projects/week_4/chitter-challenge/app/spec/features/user_login_spec.rb": [
        1,
        null,
        1,
        1,
        0,
        0,
        0,
        0,
        0,
        0,
        null,
        0,
        null,
        null
      ],
      "/Users/student/Documents/projects/week_4/chitter-challenge/app/spec/message_spec.rb": [
        1,
        1,
        null,
        1,
        1,
        1,
        null,
        null,
        1,
        3,
        null,
        null,
        1,
        1,
        null,
        null,
        1,
        1,
        null,
        null
      ]
    },
    "timestamp": 1584278251
  }
}
