{
  "RSpec": {
    "coverage": {
      "/Users/student/Documents/projects/week_4/chitter-challenge/app/app.rb": [
        1,
        1,
        null,
        1,
        null,
        1,
        null,
        1,
        0,
        null,
        null,
        1,
        1,
        null,
        null,
        1,
        0,
        null,
        null,
        1,
        null
      ],
      "/Users/student/Documents/projects/week_4/chitter-challenge/app/spec/message_spec.rb": [
        1,
        null,
        1,
        1,
        1,
        null,
        null
      ],
      "/Users/student/Documents/projects/week_4/chitter-challenge/app/lib/message.rb": [
        1,
        null,
        null
      ]
    },
    "timestamp": 1584201798
  }
}
