{
  "RSpec": {
    "coverage": {
      "/Users/claudiagreen/Google Drive/Makers/week4/chitter-challenge/spec/web_helper.rb": [
        1,
        4,
        4,
        4,
        4,
        4,
        4,
        4,
        4,
        null
      ],
      "/Users/claudiagreen/Google Drive/Makers/week4/chitter-challenge/spec/features/new_user_spec.rb": [
        1,
        1,
        2,
        1,
        1,
        null,
        null
      ],
      "/Users/claudiagreen/Google Drive/Makers/week4/chitter-challenge/spec/features/user_management_spec.rb": [
        1,
        null,
        1,
        2,
        1,
        1,
        null,
        null,
        1,
        2,
        null,
        null,
        1,
        2,
        1,
        1,
        null,
        null,
        null
      ],
      "/Users/claudiagreen/Google Drive/Makers/week4/chitter-challenge/spec/models/user_spec.rb": [

      ]
    },
    "timestamp": 1459010661
  }
}
