{
  "RSpec": {
    "coverage": {
      "/Users/hanfak/Dropbox/MA/Projects/chitter-challenge/app/chitter.rb": [
        null,
        null,
        1,
        1,
        1,
        1,
        null,
        1,
        null,
        1,
        1,
        1,
        1,
        null,
        1,
        1,
        162,
        null,
        null,
        null,
        null,
        null,
        null,
        1,
        null,
        7,
        null,
        null,
        1,
        19,
        19,
        null,
        null,
        1,
        16,
        16,
        null,
        null,
        1,
        13,
        null,
        null,
        null,
        null,
        13,
        9,
        9,
        null,
        4,
        4,
        null,
        null,
        null,
        1,
        11,
        null,
        null,
        1,
        8,
        8,
        6,
        6,
        null,
        2,
        2,
        null,
        null,
        null,
        1,
        1,
        1,
        1,
        null,
        null,
        null,
        1,
        5,
        5,
        5,
        5,
        5,
        5,
        null,
        null,
        null,
        1,
        null
      ],
      "/Users/hanfak/Dropbox/MA/Projects/chitter-challenge/app/data_mapper_setup.rb": [
        1,
        1,
        null,
        1,
        1,
        null,
        1,
        null,
        1,
        1
      ],
      "/Users/hanfak/Dropbox/MA/Projects/chitter-challenge/app/models/user.rb": [
        null,
        null,
        1,
        null,
        1,
        1,
        null,
        1,
        1,
        null,
        1,
        1,
        1,
        1,
        1,
        null,
        1,
        null,
        1,
        1,
        1,
        1,
        null,
        1,
        15,
        15,
        null,
        null,
        1,
        0,
        null,
        null,
        1,
        9,
        9,
        7,
        null,
        null,
        null,
        null,
        null
      ],
      "/Users/hanfak/Dropbox/MA/Projects/chitter-challenge/app/models/peep.rb": [
        1,
        null,
        1,
        1,
        null,
        1,
        1,
        1,
        null,
        null,
        1,
        null
      ],
      "/Users/hanfak/Dropbox/MA/Projects/chitter-challenge/spec/web_helper.rb": [
        1,
        1,
        null,
        null,
        null,
        null,
        null,
        11,
        11,
        11,
        11,
        11,
        11,
        11,
        null,
        null,
        null,
        1,
        8,
        8,
        8,
        8,
        null,
        null
      ],
      "/Users/hanfak/Dropbox/MA/Projects/chitter-challenge/spec/features/peeping_spec.rb": [
        null,
        1,
        1,
        1,
        1,
        1,
        1,
        1,
        1,
        null,
        null,
        1,
        2,
        1,
        1,
        1,
        null,
        null,
        null,
        null,
        1,
        1,
        1,
        1,
        2,
        null,
        null,
        1,
        1,
        1,
        1,
        null,
        null,
        null,
        1,
        1,
        2,
        2,
        2,
        2,
        2,
        null,
        null,
        1,
        1,
        1,
        1,
        null,
        null,
        1,
        1,
        1,
        1,
        1,
        null,
        null,
        null,
        null,
        1,
        1,
        1,
        2,
        null,
        null,
        1,
        1,
        1,
        null,
        null,
        1,
        1,
        1,
        null,
        null,
        null,
        null,
        null
      ],
      "/Users/hanfak/Dropbox/MA/Projects/chitter-challenge/spec/features/sign_in_spec.rb": [
        null,
        null,
        1,
        1,
        1,
        1,
        1,
        1,
        null,
        null,
        1,
        1,
        1,
        1,
        1,
        null,
        null,
        1,
        1,
        1,
        1,
        1,
        null,
        null,
        1,
        1,
        1,
        1,
        null,
        null,
        null
      ],
      "/Users/hanfak/Dropbox/MA/Projects/chitter-challenge/spec/features/sign_out_spec.rb": [
        null,
        1,
        1,
        1,
        1,
        null,
        null,
        null,
        null,
        null,
        null,
        1,
        1,
        1,
        1,
        1,
        null,
        null,
        null
      ],
      "/Users/hanfak/Dropbox/MA/Projects/chitter-challenge/spec/features/start_spec.rb": [
        1,
        1,
        3,
        null,
        null,
        1,
        1,
        1,
        null,
        null,
        1,
        1,
        1,
        null,
        null,
        1,
        1,
        1,
        null,
        null
      ],
      "/Users/hanfak/Dropbox/MA/Projects/chitter-challenge/spec/features/user_management_spec.rb": [
        null,
        null,
        1,
        1,
        null,
        1,
        2,
        1,
        1,
        null,
        null,
        1,
        2,
        1,
        1,
        null,
        null,
        1,
        1,
        1,
        1,
        1,
        null,
        1,
        null,
        null,
        1,
        1,
        1,
        1,
        1,
        null,
        1,
        null,
        null,
        1,
        1,
        4,
        1,
        null,
        null,
        null
      ],
      "/Users/hanfak/Dropbox/MA/Projects/chitter-challenge/spec/models/user_spec.rb": [
        1,
        null,
        1,
        1,
        null,
        null,
        null,
        1,
        1,
        1,
        null,
        null,
        null
      ]
    },
    "timestamp": 1459184315
  }
}
